🩺 The doctor is checking the health of your Storybook..
╭ Incompatible packages found ──────────────────────────────────────────────────────────────────────────────╮
│                                                                                                           │
│   The following packages are incompatible with Storybook 7.0.0 as they depend on different major          │
│   versions of Storybook packages:                                                                         │
│   - @storybook/blocks@8.1.5                                                                               │
│   Repo: https://github.com/storybookjs/storybook/tree/next/code/ui/blocks                                 │
│   - @storybook/components@8.1.5                                                                           │
│   Repo: https://github.com/storybookjs/storybook/tree/next/code/ui/components                             │
│   - @storybook/manager-api@8.1.5                                                                          │
│   Repo: https://github.com/storybookjs/storybook/tree/next/code/lib/manager-api                           │
│   - @storybook/preview-api@8.1.5                                                                          │
│   Repo: https://github.com/storybookjs/storybook/tree/next/code/lib/preview-api                           │
│   - @storybook/theming@8.1.5                                                                              │
│   Repo: https://github.com/storybookjs/storybook/tree/next/code/lib/theming                               │
│   - @storybook/types@8.1.5                                                                                │
│   Repo: https://github.com/storybookjs/storybook/tree/next/code/lib/types                                 │
│   - storybook@8.1.5                                                                                       │
│   Repo: https://github.com/storybookjs/storybook/tree/next/code/lib/cli                                   │
│                                                                                                           │
│                                                                                                           │
│   Please consider updating your packages or contacting the maintainers for compatibility details.         │
│   For more on Storybook 8 compatibility, see the linked GitHub issue:                                     │
│   https://github.com/storybookjs/storybook/issues/26031                                                   │
│                                                                                                           │
╰───────────────────────────────────────────────────────────────────────────────────────────────────────────╯

You can always recheck the health of your project by running:
npx storybook doctor

Full logs are available in /Users/arlene.wang@fil.com/Desktop/workspace/TAPP102535-oss-storybook-addon-changelog-viewer/doctor-storybook.log

